[debug] [2026-03-04T22:10:27.724Z] [Firebase Plugin] Activating Firebase extension.
[info] [Firebase Plugin] Checked firebase-tools, is up to date!
[debug] [2026-03-04T22:11:05.411Z] [Firebase Plugin] requireAuthWrapper
[debug] [2026-03-04T22:11:05.412Z] > command requires scopes: ["email","openid","https://www.googleapis.com/auth/cloudplatformprojects.readonly","https://www.googleapis.com/auth/firebase","https://www.googleapis.com/auth/cloud-platform"]
[debug] [2026-03-04T22:11:05.458Z] [Firebase Plugin] VSCode notification server listening on port 40001
[error] [Firebase Plugin] requireAuth error: Could not load the default credentials. Browse to https://cloud.google.com/docs/authentication/getting-started for more information.
[info] [Firebase Plugin] Starting Data Connect toolkit (version 3.1.4) on port 50001
[debug] [2026-03-04T22:11:05.776Z] 'fdc build' failed with error: Unable to build your Data Connect schema and connectors (exit code 1): E0305 00:11:05.773478   28400 cmd.go:43] Error loading data connect config: could not find dataconnect.yaml in `h:\Hosted online\Workspace\dataconnect`
 {"metadata":{"emulator":{"name":"dataconnect"},"message":"'fdc build' failed with error: Unable to build your Data Connect schema and connectors (exit code 1): E0305 00:11:05.773478   28400 cmd.go:43] Error loading data connect config: could not find dataconnect.yaml in `h:\\Hosted online\\Workspace\\dataconnect`\n"}}
[debug] [2026-03-04T22:11:05.777Z] Ignoring unsupported arg: auto_download {"metadata":{"emulator":{"name":"dataconnect"},"message":"Ignoring unsupported arg: auto_download"}}
[debug] [2026-03-04T22:11:05.777Z] Ignoring unsupported arg: port {"metadata":{"emulator":{"name":"dataconnect"},"message":"Ignoring unsupported arg: port"}}
[debug] [2026-03-04T22:11:05.777Z] Starting Data Connect Emulator with command {"binary":"C:\\Users\\Johan Wilhelm van AN\\.cache\\firebase\\emulators\\dataconnect-emulator-3.1.4.exe","args":["--logtostderr","-v=2","dev","--listen=localhost:50001","--config_dir=h:\\Hosted online\\Workspace\\dataconnect","--enable_output_schema_extensions=true","--enable_output_generated_sdk=true"],"optionalArgs":["listen","config_dir","enable_output_schema_extensions","enable_output_generated_sdk"],"joinArgs":true,"shell":false,"port":9399} {"metadata":{"emulator":{"name":"dataconnect"},"message":"Starting Data Connect Emulator with command {\"binary\":\"C:\\\\Users\\\\Johan Wilhelm van AN\\\\.cache\\\\firebase\\\\emulators\\\\dataconnect-emulator-3.1.4.exe\",\"args\":[\"--logtostderr\",\"-v=2\",\"dev\",\"--listen=localhost:50001\",\"--config_dir=h:\\\\Hosted online\\\\Workspace\\\\dataconnect\",\"--enable_output_schema_extensions=true\",\"--enable_output_generated_sdk=true\"],\"optionalArgs\":[\"listen\",\"config_dir\",\"enable_output_schema_extensions\",\"enable_output_generated_sdk\"],\"joinArgs\":true,\"shell\":false,\"port\":9399}"}}
[info] i  dataconnect: Data Connect Emulator logging to dataconnect-debug.log {"metadata":{"emulator":{"name":"dataconnect"},"message":"Data Connect Emulator logging to \u001b[1mdataconnect-debug.log\u001b[22m"}}
[debug] [2026-03-04T22:11:05.844Z] E0305 00:11:05.804071   25744 dev.go:83] Failed to load initial config from "h:\\Hosted online\\Workspace\\dataconnect": could not find dataconnect.yaml in `h:\Hosted online\Workspace\dataconnect`
E0305 00:11:05.805104   25744 watch.go:116] watchAllDir unable to walk dir `h:\Hosted online\Workspace\dataconnect`: CreateFile h:\Hosted online\Workspace\dataconnect: The system cannot find the file specified.
I0305 00:11:05.814356   25744 dev.go:104] Listening on address (HTTP + gRPC): 127.0.0.1:50001
 {"metadata":{"emulator":{"name":"dataconnect"},"message":"E0305 00:11:05.804071   25744 dev.go:83] Failed to load initial config from \"h:\\\\Hosted online\\\\Workspace\\\\dataconnect\": could not find dataconnect.yaml in `h:\\Hosted online\\Workspace\\dataconnect`\nE0305 00:11:05.805104   25744 watch.go:116] watchAllDir unable to walk dir `h:\\Hosted online\\Workspace\\dataconnect`: CreateFile h:\\Hosted online\\Workspace\\dataconnect: The system cannot find the file specified.\nI0305 00:11:05.814356   25744 dev.go:104] Listening on address (HTTP + gRPC): 127.0.0.1:50001\n"}}
[error] [Firebase Plugin] error:  {}
[debug] [2026-03-04T22:11:15.806Z] E0305 00:11:15.805851   25744 watch.go:40] Failed to load config from "h:\\Hosted online\\Workspace\\dataconnect": could not find dataconnect.yaml in `h:\Hosted online\Workspace\dataconnect`
 {"metadata":{"emulator":{"name":"dataconnect"},"message":"E0305 00:11:15.805851   25744 watch.go:40] Failed to load config from \"h:\\\\Hosted online\\\\Workspace\\\\dataconnect\": could not find dataconnect.yaml in `h:\\Hosted online\\Workspace\\dataconnect`\n"}}
[debug] [2026-03-04T22:11:25.805Z] E0305 00:11:25.805602   25744 watch.go:40] Failed to load config from "h:\\Hosted online\\Workspace\\dataconnect": could not find dataconnect.yaml in `h:\Hosted online\Workspace\dataconnect`
 {"metadata":{"emulator":{"name":"dataconnect"},"message":"E0305 00:11:25.805602   25744 watch.go:40] Failed to load config from \"h:\\\\Hosted online\\\\Workspace\\\\dataconnect\": could not find dataconnect.yaml in `h:\\Hosted online\\Workspace\\dataconnect`\n"}}
[debug] [2026-03-04T22:11:35.806Z] E0305 00:11:35.806170   25744 watch.go:40] Failed to load config from "h:\\Hosted online\\Workspace\\dataconnect": could not find dataconnect.yaml in `h:\Hosted online\Workspace\dataconnect`
 {"metadata":{"emulator":{"name":"dataconnect"},"message":"E0305 00:11:35.806170   25744 watch.go:40] Failed to load config from \"h:\\\\Hosted online\\\\Workspace\\\\dataconnect\": could not find dataconnect.yaml in `h:\\Hosted online\\Workspace\\dataconnect`\n"}}
[debug] [2026-03-04T22:11:45.806Z] E0305 00:11:45.805650   25744 watch.go:40] Failed to load config from "h:\\Hosted online\\Workspace\\dataconnect": could not find dataconnect.yaml in `h:\Hosted online\Workspace\dataconnect`
 {"metadata":{"emulator":{"name":"dataconnect"},"message":"E0305 00:11:45.805650   25744 watch.go:40] Failed to load config from \"h:\\\\Hosted online\\\\Workspace\\\\dataconnect\": could not find dataconnect.yaml in `h:\\Hosted online\\Workspace\\dataconnect`\n"}}
[debug] [2026-03-04T22:11:55.805Z] E0305 00:11:55.805502   25744 watch.go:40] Failed to load config from "h:\\Hosted online\\Workspace\\dataconnect": could not find dataconnect.yaml in `h:\Hosted online\Workspace\dataconnect`
 {"metadata":{"emulator":{"name":"dataconnect"},"message":"E0305 00:11:55.805502   25744 watch.go:40] Failed to load config from \"h:\\\\Hosted online\\\\Workspace\\\\dataconnect\": could not find dataconnect.yaml in `h:\\Hosted online\\Workspace\\dataconnect`\n"}}
[debug] [2026-03-04T22:12:05.806Z] E0305 00:12:05.805805   25744 watch.go:116] watchAllDir unable to walk dir `h:\Hosted online\Workspace\dataconnect`: CreateFile h:\Hosted online\Workspace\dataconnect: The system cannot find the file specified.
E0305 00:12:05.805805   25744 watch.go:40] Failed to load config from "h:\\Hosted online\\Workspace\\dataconnect": could not find dataconnect.yaml in `h:\Hosted online\Workspace\dataconnect`
 {"metadata":{"emulator":{"name":"dataconnect"},"message":"E0305 00:12:05.805805   25744 watch.go:116] watchAllDir unable to walk dir `h:\\Hosted online\\Workspace\\dataconnect`: CreateFile h:\\Hosted online\\Workspace\\dataconnect: The system cannot find the file specified.\nE0305 00:12:05.805805   25744 watch.go:40] Failed to load config from \"h:\\\\Hosted online\\\\Workspace\\\\dataconnect\": could not find dataconnect.yaml in `h:\\Hosted online\\Workspace\\dataconnect`\n"}}
[debug] [2026-03-04T22:12:15.807Z] E0305 00:12:15.806589   25744 watch.go:40] Failed to load config from "h:\\Hosted online\\Workspace\\dataconnect": could not find dataconnect.yaml in `h:\Hosted online\Workspace\dataconnect`
 {"metadata":{"emulator":{"name":"dataconnect"},"message":"E0305 00:12:15.806589   25744 watch.go:40] Failed to load config from \"h:\\\\Hosted online\\\\Workspace\\\\dataconnect\": could not find dataconnect.yaml in `h:\\Hosted online\\Workspace\\dataconnect`\n"}}
[debug] [2026-03-04T22:12:25.806Z] E0305 00:12:25.805825   25744 watch.go:40] Failed to load config from "h:\\Hosted online\\Workspace\\dataconnect": could not find dataconnect.yaml in `h:\Hosted online\Workspace\dataconnect`
 {"metadata":{"emulator":{"name":"dataconnect"},"message":"E0305 00:12:25.805825   25744 watch.go:40] Failed to load config from \"h:\\\\Hosted online\\\\Workspace\\\\dataconnect\": could not find dataconnect.yaml in `h:\\Hosted online\\Workspace\\dataconnect`\n"}}
[debug] [2026-03-04T22:12:35.805Z] E0305 00:12:35.805517   25744 watch.go:40] Failed to load config from "h:\\Hosted online\\Workspace\\dataconnect": could not find dataconnect.yaml in `h:\Hosted online\Workspace\dataconnect`
 {"metadata":{"emulator":{"name":"dataconnect"},"message":"E0305 00:12:35.805517   25744 watch.go:40] Failed to load config from \"h:\\\\Hosted online\\\\Workspace\\\\dataconnect\": could not find dataconnect.yaml in `h:\\Hosted online\\Workspace\\dataconnect`\n"}}
[debug] [2026-03-04T22:12:45.806Z] E0305 00:12:45.805797   25744 watch.go:40] Failed to load config from "h:\\Hosted online\\Workspace\\dataconnect": could not find dataconnect.yaml in `h:\Hosted online\Workspace\dataconnect`
 {"metadata":{"emulator":{"name":"dataconnect"},"message":"E0305 00:12:45.805797   25744 watch.go:40] Failed to load config from \"h:\\\\Hosted online\\\\Workspace\\\\dataconnect\": could not find dataconnect.yaml in `h:\\Hosted online\\Workspace\\dataconnect`\n"}}
[debug] [2026-03-04T22:12:55.806Z] E0305 00:12:55.805459   25744 watch.go:40] Failed to load config from "h:\\Hosted online\\Workspace\\dataconnect": could not find dataconnect.yaml in `h:\Hosted online\Workspace\dataconnect`
 {"metadata":{"emulator":{"name":"dataconnect"},"message":"E0305 00:12:55.805459   25744 watch.go:40] Failed to load config from \"h:\\\\Hosted online\\\\Workspace\\\\dataconnect\": could not find dataconnect.yaml in `h:\\Hosted online\\Workspace\\dataconnect`\n"}}
[debug] [2026-03-04T22:13:05.806Z] E0305 00:13:05.805933   25744 watch.go:116] watchAllDir unable to walk dir `h:\Hosted online\Workspace\dataconnect`: CreateFile h:\Hosted online\Workspace\dataconnect: The system cannot find the file specified.
 {"metadata":{"emulator":{"name":"dataconnect"},"message":"E0305 00:13:05.805933   25744 watch.go:116] watchAllDir unable to walk dir `h:\\Hosted online\\Workspace\\dataconnect`: CreateFile h:\\Hosted online\\Workspace\\dataconnect: The system cannot find the file specified.\n"}}
[debug] [2026-03-04T22:13:05.808Z] E0305 00:13:05.805933   25744 watch.go:40] Failed to load config from "h:\\Hosted online\\Workspace\\dataconnect": could not find dataconnect.yaml in `h:\Hosted online\Workspace\dataconnect`
 {"metadata":{"emulator":{"name":"dataconnect"},"message":"E0305 00:13:05.805933   25744 watch.go:40] Failed to load config from \"h:\\\\Hosted online\\\\Workspace\\\\dataconnect\": could not find dataconnect.yaml in `h:\\Hosted online\\Workspace\\dataconnect`\n"}}
[debug] [2026-03-04T22:13:15.807Z] E0305 00:13:15.806594   25744 watch.go:40] Failed to load config from "h:\\Hosted online\\Workspace\\dataconnect": could not find dataconnect.yaml in `h:\Hosted online\Workspace\dataconnect`
 {"metadata":{"emulator":{"name":"dataconnect"},"message":"E0305 00:13:15.806594   25744 watch.go:40] Failed to load config from \"h:\\\\Hosted online\\\\Workspace\\\\dataconnect\": could not find dataconnect.yaml in `h:\\Hosted online\\Workspace\\dataconnect`\n"}}
[debug] [2026-03-04T22:13:25.806Z] E0305 00:13:25.805948   25744 watch.go:40] Failed to load config from "h:\\Hosted online\\Workspace\\dataconnect": could not find dataconnect.yaml in `h:\Hosted online\Workspace\dataconnect`
 {"metadata":{"emulator":{"name":"dataconnect"},"message":"E0305 00:13:25.805948   25744 watch.go:40] Failed to load config from \"h:\\\\Hosted online\\\\Workspace\\\\dataconnect\": could not find dataconnect.yaml in `h:\\Hosted online\\Workspace\\dataconnect`\n"}}
[debug] [2026-03-04T22:13:35.805Z] E0305 00:13:35.805158   25744 watch.go:40] Failed to load config from "h:\\Hosted online\\Workspace\\dataconnect": could not find dataconnect.yaml in `h:\Hosted online\Workspace\dataconnect`
 {"metadata":{"emulator":{"name":"dataconnect"},"message":"E0305 00:13:35.805158   25744 watch.go:40] Failed to load config from \"h:\\\\Hosted online\\\\Workspace\\\\dataconnect\": could not find dataconnect.yaml in `h:\\Hosted online\\Workspace\\dataconnect`\n"}}
[debug] [2026-03-04T22:13:45.805Z] E0305 00:13:45.805479   25744 watch.go:40] Failed to load config from "h:\\Hosted online\\Workspace\\dataconnect": could not find dataconnect.yaml in `h:\Hosted online\Workspace\dataconnect`
 {"metadata":{"emulator":{"name":"dataconnect"},"message":"E0305 00:13:45.805479   25744 watch.go:40] Failed to load config from \"h:\\\\Hosted online\\\\Workspace\\\\dataconnect\": could not find dataconnect.yaml in `h:\\Hosted online\\Workspace\\dataconnect`\n"}}
[debug] [2026-03-04T22:13:55.806Z] E0305 00:13:55.805500   25744 watch.go:40] Failed to load config from "h:\\Hosted online\\Workspace\\dataconnect": could not find dataconnect.yaml in `h:\Hosted online\Workspace\dataconnect`
 {"metadata":{"emulator":{"name":"dataconnect"},"message":"E0305 00:13:55.805500   25744 watch.go:40] Failed to load config from \"h:\\\\Hosted online\\\\Workspace\\\\dataconnect\": could not find dataconnect.yaml in `h:\\Hosted online\\Workspace\\dataconnect`\n"}}
[debug] [2026-03-04T22:14:05.806Z] E0305 00:14:05.805437   25744 watch.go:116] watchAllDir unable to walk dir `h:\Hosted online\Workspace\dataconnect`: CreateFile h:\Hosted online\Workspace\dataconnect: The system cannot find the file specified.
E0305 00:14:05.805437   25744 watch.go:40] Failed to load config from "h:\\Hosted online\\Workspace\\dataconnect": could not find dataconnect.yaml in `h:\Hosted online\Workspace\dataconnect`
 {"metadata":{"emulator":{"name":"dataconnect"},"message":"E0305 00:14:05.805437   25744 watch.go:116] watchAllDir unable to walk dir `h:\\Hosted online\\Workspace\\dataconnect`: CreateFile h:\\Hosted online\\Workspace\\dataconnect: The system cannot find the file specified.\nE0305 00:14:05.805437   25744 watch.go:40] Failed to load config from \"h:\\\\Hosted online\\\\Workspace\\\\dataconnect\": could not find dataconnect.yaml in `h:\\Hosted online\\Workspace\\dataconnect`\n"}}
[debug] [2026-03-04T22:14:07.988Z] [Firebase Plugin] Value of process.env.MONOSPACE_ENV: undefined
[debug] [2026-03-04T22:14:07.988Z] [Firebase Plugin] requireAuthWrapper
[debug] [2026-03-04T22:14:07.998Z] > command requires scopes: ["email","openid","https://www.googleapis.com/auth/cloudplatformprojects.readonly","https://www.googleapis.com/auth/firebase","https://www.googleapis.com/auth/cloud-platform"]
[debug] [2026-03-04T22:14:07.999Z] > authorizing via signed-in user (ai@ionity.today)
[debug] [2026-03-04T22:14:07.999Z] Checked if tokens are valid: true, expires at: 1772666026535
[debug] [2026-03-04T22:14:07.999Z] Checked if tokens are valid: true, expires at: 1772666026535
[debug] [2026-03-04T22:14:08.000Z] [Firebase Plugin] User found:  ai@ionity.today
[info] [Firebase Plugin] (Core:Project) New user detected, fetching projects
[debug] [2026-03-04T22:14:08.001Z] Checked if tokens are valid: true, expires at: 1772666026535
[debug] [2026-03-04T22:14:08.003Z] >>> [apiv2][query] GET https://firebase.googleapis.com/v1beta1/projects pageSize=1000
[debug] [2026-03-04T22:14:08.023Z] [Firebase Plugin] Value of process.env.MONOSPACE_ENV: undefined
[debug] [2026-03-04T22:14:08.023Z] [Firebase Plugin] requireAuthWrapper
[debug] [2026-03-04T22:14:08.024Z] > command requires scopes: ["email","openid","https://www.googleapis.com/auth/cloudplatformprojects.readonly","https://www.googleapis.com/auth/firebase","https://www.googleapis.com/auth/cloud-platform"]
[debug] [2026-03-04T22:14:08.024Z] > authorizing via signed-in user (ai@ionity.today)
[debug] [2026-03-04T22:14:08.024Z] Checked if tokens are valid: true, expires at: 1772666026535
[debug] [2026-03-04T22:14:08.024Z] [Firebase Plugin] User found:  ai@ionity.today
[info] [Firebase Plugin] (Core:Project) New user detected, fetching projects
[debug] [2026-03-04T22:14:08.025Z] Checked if tokens are valid: true, expires at: 1772666026535
[debug] [2026-03-04T22:14:08.025Z] >>> [apiv2][query] GET https://firebase.googleapis.com/v1beta1/projects pageSize=1000
[debug] [2026-03-04T22:14:08.915Z] <<< [apiv2][status] GET https://firebase.googleapis.com/v1beta1/projects 200
[debug] [2026-03-04T22:14:08.915Z] <<< [apiv2][body] GET https://firebase.googleapis.com/v1beta1/projects [omitted]
[debug] [2026-03-04T22:14:08.948Z] <<< [apiv2][status] GET https://firebase.googleapis.com/v1beta1/projects 200
[debug] [2026-03-04T22:14:08.949Z] <<< [apiv2][body] GET https://firebase.googleapis.com/v1beta1/projects [omitted]
[debug] [2026-03-04T22:14:15.805Z] E0305 00:14:15.805771   25744 watch.go:40] Failed to load config from "h:\\Hosted online\\Workspace\\dataconnect": could not find dataconnect.yaml in `h:\Hosted online\Workspace\dataconnect`
 {"metadata":{"emulator":{"name":"dataconnect"},"message":"E0305 00:14:15.805771   25744 watch.go:40] Failed to load config from \"h:\\\\Hosted online\\\\Workspace\\\\dataconnect\": could not find dataconnect.yaml in `h:\\Hosted online\\Workspace\\dataconnect`\n"}}
[debug] [2026-03-04T22:14:25.805Z] E0305 00:14:25.805747   25744 watch.go:40] Failed to load config from "h:\\Hosted online\\Workspace\\dataconnect": could not find dataconnect.yaml in `h:\Hosted online\Workspace\dataconnect`
 {"metadata":{"emulator":{"name":"dataconnect"},"message":"E0305 00:14:25.805747   25744 watch.go:40] Failed to load config from \"h:\\\\Hosted online\\\\Workspace\\\\dataconnect\": could not find dataconnect.yaml in `h:\\Hosted online\\Workspace\\dataconnect`\n"}}
[debug] [2026-03-04T22:14:35.805Z] E0305 00:14:35.805632   25744 watch.go:40] Failed to load config from "h:\\Hosted online\\Workspace\\dataconnect": could not find dataconnect.yaml in `h:\Hosted online\Workspace\dataconnect`
 {"metadata":{"emulator":{"name":"dataconnect"},"message":"E0305 00:14:35.805632   25744 watch.go:40] Failed to load config from \"h:\\\\Hosted online\\\\Workspace\\\\dataconnect\": could not find dataconnect.yaml in `h:\\Hosted online\\Workspace\\dataconnect`\n"}}
[debug] [2026-03-04T22:14:45.805Z] E0305 00:14:45.805483   25744 watch.go:40] Failed to load config from "h:\\Hosted online\\Workspace\\dataconnect": could not find dataconnect.yaml in `h:\Hosted online\Workspace\dataconnect`
 {"metadata":{"emulator":{"name":"dataconnect"},"message":"E0305 00:14:45.805483   25744 watch.go:40] Failed to load config from \"h:\\\\Hosted online\\\\Workspace\\\\dataconnect\": could not find dataconnect.yaml in `h:\\Hosted online\\Workspace\\dataconnect`\n"}}
[debug] [2026-03-04T22:14:55.805Z] E0305 00:14:55.805477   25744 watch.go:40] Failed to load config from "h:\\Hosted online\\Workspace\\dataconnect": could not find dataconnect.yaml in `h:\Hosted online\Workspace\dataconnect`
 {"metadata":{"emulator":{"name":"dataconnect"},"message":"E0305 00:14:55.805477   25744 watch.go:40] Failed to load config from \"h:\\\\Hosted online\\\\Workspace\\\\dataconnect\": could not find dataconnect.yaml in `h:\\Hosted online\\Workspace\\dataconnect`\n"}}
[debug] [2026-03-04T22:15:05.805Z] E0305 00:15:05.805830   25744 watch.go:116] watchAllDir unable to walk dir `h:\Hosted online\Workspace\dataconnect`: CreateFile h:\Hosted online\Workspace\dataconnect: The system cannot find the file specified.
E0305 00:15:05.805830   25744 watch.go:40] Failed to load config from "h:\\Hosted online\\Workspace\\dataconnect": could not find dataconnect.yaml in `h:\Hosted online\Workspace\dataconnect`
 {"metadata":{"emulator":{"name":"dataconnect"},"message":"E0305 00:15:05.805830   25744 watch.go:116] watchAllDir unable to walk dir `h:\\Hosted online\\Workspace\\dataconnect`: CreateFile h:\\Hosted online\\Workspace\\dataconnect: The system cannot find the file specified.\nE0305 00:15:05.805830   25744 watch.go:40] Failed to load config from \"h:\\\\Hosted online\\\\Workspace\\\\dataconnect\": could not find dataconnect.yaml in `h:\\Hosted online\\Workspace\\dataconnect`\n"}}
[debug] [2026-03-04T22:15:15.806Z] E0305 00:15:15.805841   25744 watch.go:40] Failed to load config from "h:\\Hosted online\\Workspace\\dataconnect": could not find dataconnect.yaml in `h:\Hosted online\Workspace\dataconnect`
 {"metadata":{"emulator":{"name":"dataconnect"},"message":"E0305 00:15:15.805841   25744 watch.go:40] Failed to load config from \"h:\\\\Hosted online\\\\Workspace\\\\dataconnect\": could not find dataconnect.yaml in `h:\\Hosted online\\Workspace\\dataconnect`\n"}}
[debug] [2026-03-04T22:15:25.807Z] E0305 00:15:25.807387   25744 watch.go:40] Failed to load config from "h:\\Hosted online\\Workspace\\dataconnect": could not find dataconnect.yaml in `h:\Hosted online\Workspace\dataconnect`
 {"metadata":{"emulator":{"name":"dataconnect"},"message":"E0305 00:15:25.807387   25744 watch.go:40] Failed to load config from \"h:\\\\Hosted online\\\\Workspace\\\\dataconnect\": could not find dataconnect.yaml in `h:\\Hosted online\\Workspace\\dataconnect`\n"}}
[debug] [2026-03-04T22:15:35.804Z] E0305 00:15:35.805333   25744 watch.go:40] Failed to load config from "h:\\Hosted online\\Workspace\\dataconnect": could not find dataconnect.yaml in `h:\Hosted online\Workspace\dataconnect`
 {"metadata":{"emulator":{"name":"dataconnect"},"message":"E0305 00:15:35.805333   25744 watch.go:40] Failed to load config from \"h:\\\\Hosted online\\\\Workspace\\\\dataconnect\": could not find dataconnect.yaml in `h:\\Hosted online\\Workspace\\dataconnect`\n"}}
[debug] [2026-03-04T22:15:45.805Z] E0305 00:15:45.805432   25744 watch.go:40] Failed to load config from "h:\\Hosted online\\Workspace\\dataconnect": could not find dataconnect.yaml in `h:\Hosted online\Workspace\dataconnect`
 {"metadata":{"emulator":{"name":"dataconnect"},"message":"E0305 00:15:45.805432   25744 watch.go:40] Failed to load config from \"h:\\\\Hosted online\\\\Workspace\\\\dataconnect\": could not find dataconnect.yaml in `h:\\Hosted online\\Workspace\\dataconnect`\n"}}
[debug] [2026-03-04T22:15:55.805Z] E0305 00:15:55.805474   25744 watch.go:40] Failed to load config from "h:\\Hosted online\\Workspace\\dataconnect": could not find dataconnect.yaml in `h:\Hosted online\Workspace\dataconnect`
 {"metadata":{"emulator":{"name":"dataconnect"},"message":"E0305 00:15:55.805474   25744 watch.go:40] Failed to load config from \"h:\\\\Hosted online\\\\Workspace\\\\dataconnect\": could not find dataconnect.yaml in `h:\\Hosted online\\Workspace\\dataconnect`\n"}}
[debug] [2026-03-04T22:16:05.805Z] E0305 00:16:05.805422   25744 watch.go:116] watchAllDir unable to walk dir `h:\Hosted online\Workspace\dataconnect`: CreateFile h:\Hosted online\Workspace\dataconnect: The system cannot find the file specified.
E0305 00:16:05.805422   25744 watch.go:40] Failed to load config from "h:\\Hosted online\\Workspace\\dataconnect": could not find dataconnect.yaml in `h:\Hosted online\Workspace\dataconnect`
 {"metadata":{"emulator":{"name":"dataconnect"},"message":"E0305 00:16:05.805422   25744 watch.go:116] watchAllDir unable to walk dir `h:\\Hosted online\\Workspace\\dataconnect`: CreateFile h:\\Hosted online\\Workspace\\dataconnect: The system cannot find the file specified.\nE0305 00:16:05.805422   25744 watch.go:40] Failed to load config from \"h:\\\\Hosted online\\\\Workspace\\\\dataconnect\": could not find dataconnect.yaml in `h:\\Hosted online\\Workspace\\dataconnect`\n"}}
[debug] [2026-03-04T22:16:15.806Z] E0305 00:16:15.806168   25744 watch.go:40] Failed to load config from "h:\\Hosted online\\Workspace\\dataconnect": could not find dataconnect.yaml in `h:\Hosted online\Workspace\dataconnect`
 {"metadata":{"emulator":{"name":"dataconnect"},"message":"E0305 00:16:15.806168   25744 watch.go:40] Failed to load config from \"h:\\\\Hosted online\\\\Workspace\\\\dataconnect\": could not find dataconnect.yaml in `h:\\Hosted online\\Workspace\\dataconnect`\n"}}
[debug] [2026-03-04T22:16:25.805Z] E0305 00:16:25.806163   25744 watch.go:40] Failed to load config from "h:\\Hosted online\\Workspace\\dataconnect": could not find dataconnect.yaml in `h:\Hosted online\Workspace\dataconnect`
 {"metadata":{"emulator":{"name":"dataconnect"},"message":"E0305 00:16:25.806163   25744 watch.go:40] Failed to load config from \"h:\\\\Hosted online\\\\Workspace\\\\dataconnect\": could not find dataconnect.yaml in `h:\\Hosted online\\Workspace\\dataconnect`\n"}}
[debug] [2026-03-04T22:16:35.805Z] E0305 00:16:35.805567   25744 watch.go:40] Failed to load config from "h:\\Hosted online\\Workspace\\dataconnect": could not find dataconnect.yaml in `h:\Hosted online\Workspace\dataconnect`
 {"metadata":{"emulator":{"name":"dataconnect"},"message":"E0305 00:16:35.805567   25744 watch.go:40] Failed to load config from \"h:\\\\Hosted online\\\\Workspace\\\\dataconnect\": could not find dataconnect.yaml in `h:\\Hosted online\\Workspace\\dataconnect`\n"}}
[debug] [2026-03-04T22:16:45.806Z] E0305 00:16:45.805655   25744 watch.go:40] Failed to load config from "h:\\Hosted online\\Workspace\\dataconnect": could not find dataconnect.yaml in `h:\Hosted online\Workspace\dataconnect`
 {"metadata":{"emulator":{"name":"dataconnect"},"message":"E0305 00:16:45.805655   25744 watch.go:40] Failed to load config from \"h:\\\\Hosted online\\\\Workspace\\\\dataconnect\": could not find dataconnect.yaml in `h:\\Hosted online\\Workspace\\dataconnect`\n"}}
[debug] [2026-03-04T22:16:55.805Z] E0305 00:16:55.805301   25744 watch.go:40] Failed to load config from "h:\\Hosted online\\Workspace\\dataconnect": could not find dataconnect.yaml in `h:\Hosted online\Workspace\dataconnect`
 {"metadata":{"emulator":{"name":"dataconnect"},"message":"E0305 00:16:55.805301   25744 watch.go:40] Failed to load config from \"h:\\\\Hosted online\\\\Workspace\\\\dataconnect\": could not find dataconnect.yaml in `h:\\Hosted online\\Workspace\\dataconnect`\n"}}
[debug] [2026-03-04T22:17:05.805Z] E0305 00:17:05.805446   25744 watch.go:40] Failed to load config from "h:\\Hosted online\\Workspace\\dataconnect": could not find dataconnect.yaml in `h:\Hosted online\Workspace\dataconnect`
E0305 00:17:05.805446   25744 watch.go:116] watchAllDir unable to walk dir `h:\Hosted online\Workspace\dataconnect`: CreateFile h:\Hosted online\Workspace\dataconnect: The system cannot find the file specified.
 {"metadata":{"emulator":{"name":"dataconnect"},"message":"E0305 00:17:05.805446   25744 watch.go:40] Failed to load config from \"h:\\\\Hosted online\\\\Workspace\\\\dataconnect\": could not find dataconnect.yaml in `h:\\Hosted online\\Workspace\\dataconnect`\nE0305 00:17:05.805446   25744 watch.go:116] watchAllDir unable to walk dir `h:\\Hosted online\\Workspace\\dataconnect`: CreateFile h:\\Hosted online\\Workspace\\dataconnect: The system cannot find the file specified.\n"}}
[debug] [2026-03-04T22:17:15.805Z] E0305 00:17:15.805508   25744 watch.go:40] Failed to load config from "h:\\Hosted online\\Workspace\\dataconnect": could not find dataconnect.yaml in `h:\Hosted online\Workspace\dataconnect`
 {"metadata":{"emulator":{"name":"dataconnect"},"message":"E0305 00:17:15.805508   25744 watch.go:40] Failed to load config from \"h:\\\\Hosted online\\\\Workspace\\\\dataconnect\": could not find dataconnect.yaml in `h:\\Hosted online\\Workspace\\dataconnect`\n"}}
[debug] [2026-03-04T22:17:25.805Z] E0305 00:17:25.805182   25744 watch.go:40] Failed to load config from "h:\\Hosted online\\Workspace\\dataconnect": could not find dataconnect.yaml in `h:\Hosted online\Workspace\dataconnect`
 {"metadata":{"emulator":{"name":"dataconnect"},"message":"E0305 00:17:25.805182   25744 watch.go:40] Failed to load config from \"h:\\\\Hosted online\\\\Workspace\\\\dataconnect\": could not find dataconnect.yaml in `h:\\Hosted online\\Workspace\\dataconnect`\n"}}
[debug] [2026-03-04T22:17:35.805Z] E0305 00:17:35.805364   25744 watch.go:40] Failed to load config from "h:\\Hosted online\\Workspace\\dataconnect": could not find dataconnect.yaml in `h:\Hosted online\Workspace\dataconnect`
 {"metadata":{"emulator":{"name":"dataconnect"},"message":"E0305 00:17:35.805364   25744 watch.go:40] Failed to load config from \"h:\\\\Hosted online\\\\Workspace\\\\dataconnect\": could not find dataconnect.yaml in `h:\\Hosted online\\Workspace\\dataconnect`\n"}}
[debug] [2026-03-04T22:17:45.805Z] E0305 00:17:45.805203   25744 watch.go:40] Failed to load config from "h:\\Hosted online\\Workspace\\dataconnect": could not find dataconnect.yaml in `h:\Hosted online\Workspace\dataconnect`
 {"metadata":{"emulator":{"name":"dataconnect"},"message":"E0305 00:17:45.805203   25744 watch.go:40] Failed to load config from \"h:\\\\Hosted online\\\\Workspace\\\\dataconnect\": could not find dataconnect.yaml in `h:\\Hosted online\\Workspace\\dataconnect`\n"}}
[debug] [2026-03-04T22:17:55.807Z] E0305 00:17:55.806950   25744 watch.go:40] Failed to load config from "h:\\Hosted online\\Workspace\\dataconnect": could not find dataconnect.yaml in `h:\Hosted online\Workspace\dataconnect`
 {"metadata":{"emulator":{"name":"dataconnect"},"message":"E0305 00:17:55.806950   25744 watch.go:40] Failed to load config from \"h:\\\\Hosted online\\\\Workspace\\\\dataconnect\": could not find dataconnect.yaml in `h:\\Hosted online\\Workspace\\dataconnect`\n"}}
[debug] [2026-03-04T22:18:05.806Z] E0305 00:18:05.805858   25744 watch.go:116] watchAllDir unable to walk dir `h:\Hosted online\Workspace\dataconnect`: CreateFile h:\Hosted online\Workspace\dataconnect: The system cannot find the file specified.
E0305 00:18:05.805858   25744 watch.go:40] Failed to load config from "h:\\Hosted online\\Workspace\\dataconnect": could not find dataconnect.yaml in `h:\Hosted online\Workspace\dataconnect`
 {"metadata":{"emulator":{"name":"dataconnect"},"message":"E0305 00:18:05.805858   25744 watch.go:116] watchAllDir unable to walk dir `h:\\Hosted online\\Workspace\\dataconnect`: CreateFile h:\\Hosted online\\Workspace\\dataconnect: The system cannot find the file specified.\nE0305 00:18:05.805858   25744 watch.go:40] Failed to load config from \"h:\\\\Hosted online\\\\Workspace\\\\dataconnect\": could not find dataconnect.yaml in `h:\\Hosted online\\Workspace\\dataconnect`\n"}}
[debug] [2026-03-04T22:18:15.805Z] E0305 00:18:15.805856   25744 watch.go:40] Failed to load config from "h:\\Hosted online\\Workspace\\dataconnect": could not find dataconnect.yaml in `h:\Hosted online\Workspace\dataconnect`
 {"metadata":{"emulator":{"name":"dataconnect"},"message":"E0305 00:18:15.805856   25744 watch.go:40] Failed to load config from \"h:\\\\Hosted online\\\\Workspace\\\\dataconnect\": could not find dataconnect.yaml in `h:\\Hosted online\\Workspace\\dataconnect`\n"}}
[debug] [2026-03-04T22:18:25.805Z] E0305 00:18:25.806126   25744 watch.go:40] Failed to load config from "h:\\Hosted online\\Workspace\\dataconnect": could not find dataconnect.yaml in `h:\Hosted online\Workspace\dataconnect`
 {"metadata":{"emulator":{"name":"dataconnect"},"message":"E0305 00:18:25.806126   25744 watch.go:40] Failed to load config from \"h:\\\\Hosted online\\\\Workspace\\\\dataconnect\": could not find dataconnect.yaml in `h:\\Hosted online\\Workspace\\dataconnect`\n"}}
[debug] [2026-03-04T22:18:35.805Z] E0305 00:18:35.805785   25744 watch.go:40] Failed to load config from "h:\\Hosted online\\Workspace\\dataconnect": could not find dataconnect.yaml in `h:\Hosted online\Workspace\dataconnect`
 {"metadata":{"emulator":{"name":"dataconnect"},"message":"E0305 00:18:35.805785   25744 watch.go:40] Failed to load config from \"h:\\\\Hosted online\\\\Workspace\\\\dataconnect\": could not find dataconnect.yaml in `h:\\Hosted online\\Workspace\\dataconnect`\n"}}
[debug] [2026-03-04T22:18:45.805Z] E0305 00:18:45.805467   25744 watch.go:40] Failed to load config from "h:\\Hosted online\\Workspace\\dataconnect": could not find dataconnect.yaml in `h:\Hosted online\Workspace\dataconnect`
 {"metadata":{"emulator":{"name":"dataconnect"},"message":"E0305 00:18:45.805467   25744 watch.go:40] Failed to load config from \"h:\\\\Hosted online\\\\Workspace\\\\dataconnect\": could not find dataconnect.yaml in `h:\\Hosted online\\Workspace\\dataconnect`\n"}}
[debug] [2026-03-04T22:18:55.805Z] E0305 00:18:55.805892   25744 watch.go:40] Failed to load config from "h:\\Hosted online\\Workspace\\dataconnect": could not find dataconnect.yaml in `h:\Hosted online\Workspace\dataconnect`
 {"metadata":{"emulator":{"name":"dataconnect"},"message":"E0305 00:18:55.805892   25744 watch.go:40] Failed to load config from \"h:\\\\Hosted online\\\\Workspace\\\\dataconnect\": could not find dataconnect.yaml in `h:\\Hosted online\\Workspace\\dataconnect`\n"}}
[debug] [2026-03-04T22:19:05.805Z] E0305 00:19:05.805568   25744 watch.go:116] watchAllDir unable to walk dir `h:\Hosted online\Workspace\dataconnect`: CreateFile h:\Hosted online\Workspace\dataconnect: The system cannot find the file specified.
E0305 00:19:05.805568   25744 watch.go:40] Failed to load config from "h:\\Hosted online\\Workspace\\dataconnect": could not find dataconnect.yaml in `h:\Hosted online\Workspace\dataconnect`
 {"metadata":{"emulator":{"name":"dataconnect"},"message":"E0305 00:19:05.805568   25744 watch.go:116] watchAllDir unable to walk dir `h:\\Hosted online\\Workspace\\dataconnect`: CreateFile h:\\Hosted online\\Workspace\\dataconnect: The system cannot find the file specified.\nE0305 00:19:05.805568   25744 watch.go:40] Failed to load config from \"h:\\\\Hosted online\\\\Workspace\\\\dataconnect\": could not find dataconnect.yaml in `h:\\Hosted online\\Workspace\\dataconnect`\n"}}
[debug] [2026-03-04T22:19:15.805Z] E0305 00:19:15.806057   25744 watch.go:40] Failed to load config from "h:\\Hosted online\\Workspace\\dataconnect": could not find dataconnect.yaml in `h:\Hosted online\Workspace\dataconnect`
 {"metadata":{"emulator":{"name":"dataconnect"},"message":"E0305 00:19:15.806057   25744 watch.go:40] Failed to load config from \"h:\\\\Hosted online\\\\Workspace\\\\dataconnect\": could not find dataconnect.yaml in `h:\\Hosted online\\Workspace\\dataconnect`\n"}}
[debug] [2026-03-04T22:19:25.805Z] E0305 00:19:25.805440   25744 watch.go:40] Failed to load config from "h:\\Hosted online\\Workspace\\dataconnect": could not find dataconnect.yaml in `h:\Hosted online\Workspace\dataconnect`
 {"metadata":{"emulator":{"name":"dataconnect"},"message":"E0305 00:19:25.805440   25744 watch.go:40] Failed to load config from \"h:\\\\Hosted online\\\\Workspace\\\\dataconnect\": could not find dataconnect.yaml in `h:\\Hosted online\\Workspace\\dataconnect`\n"}}
[debug] [2026-03-04T22:19:35.805Z] E0305 00:19:35.806007   25744 watch.go:40] Failed to load config from "h:\\Hosted online\\Workspace\\dataconnect": could not find dataconnect.yaml in `h:\Hosted online\Workspace\dataconnect`
 {"metadata":{"emulator":{"name":"dataconnect"},"message":"E0305 00:19:35.806007   25744 watch.go:40] Failed to load config from \"h:\\\\Hosted online\\\\Workspace\\\\dataconnect\": could not find dataconnect.yaml in `h:\\Hosted online\\Workspace\\dataconnect`\n"}}
